ϟ Initiating Osmedeus v5.0.2 - Crafted with <3 by @j3ssie

◆ Run timeout: 3m
✔ Workflow loaded: enum-subdomain (module)
2026-05-08T17:09:19-04:00 [1m[36mINFO[0m Workflow loaded [90m{"name": "enum-subdomain", "kind": "module"}[0m
2026-05-08T17:09:19-04:00 [1m[36mINFO[0m Starting module execution [90m{"workflow": "enum-subdomain", "run_uuid": "d48fec0f-14b6-43fa-9548-9330cb3cd747", "target": "vtomasv.net", "steps": 6}[0m

★ Executing: enum-subdomain
  Description: Enumerate subdomains via subfinder, amass, assetfinder, and findomain
  Tags: subdomain, enumeration, discovery, dns
  Total Steps: 6
  Params: 1 speed control, 1 toggle
  Tip: osmedeus workflow view enum-subdomain

◆ Reserving target space folder at: vtomasv.net
2026-05-08T17:09:19-04:00 [1m[36mINFO[0m Executing step [90m{"workflow": "enum-subdomain", "run_uuid": "d48fec0f-14b6-43fa-9548-9330cb3cd747", "step": "create-output-folders", "type": "function", "dry_run": false}[0m
＊ Creating output folders
▶ ƒ (starting) create-output-folders
  ƒ create_folder("/home/ubuntu/workspaces-osmedeus/vtomasv.net/subdomain/")
2026-05-08T17:09:19-04:00 [1m[36mINFO[0m Step completed [90m{"workflow": "enum-subdomain", "run_uuid": "d48fec0f-14b6-43fa-9548-9330cb3cd747", "step_name": "create-output-folders", "step_type": "function", "command": "create_folder(\"/home/ubuntu/workspaces-osmedeus/vtomasv.net/subdomain/\")", "status": "success", "duration": 0.000881319, "output": "true"}[0m
2026-05-08T17:09:19-04:00 [1m[36mINFO[0m Executing step [90m{"workflow": "enum-subdomain", "run_uuid": "d48fec0f-14b6-43fa-9548-9330cb3cd747", "step": "subfinder-enum", "type": "bash", "dry_run": false}[0m
✔ ƒ (finished in 0ms) create-output-folders
  [output]
  true
＊ Running subfinder subdomain enumeration
▶ $ (starting) subfinder-enum
  $ subfinder -d vtomasv.net -provider-config /home/ubuntu/osmedeus-base/external-configs/subfinder-provider-config.yaml -t 60 -o /home/ubuntu/workspaces-osmedeus/vtomasv.net/subdomain/vtomasv.net-subfinder.txt >/dev/null 2>&1
✔ $ (finished in 18.6s) subfinder-enum
2026-05-08T17:09:37-04:00 [1m[36mINFO[0m Step completed [90m{"workflow": "enum-subdomain", "run_uuid": "d48fec0f-14b6-43fa-9548-9330cb3cd747", "step_name": "subfinder-enum", "step_type": "bash", "command": "subfinder -d vtomasv.net -provider-config /home/ubuntu/osmedeus-base/external-configs/subfinder-provider-config.yaml -t 60 -o /home/ubuntu/workspaces-osmedeus/vtomasv.net/subdomain/vtomasv.net-subfinder.txt >/dev/null 2>&1", "status": "success", "duration": 18.634283941, "output": ""}[0m
2026-05-08T17:09:37-04:00 [1m[36mINFO[0m Executing step [90m{"workflow": "enum-subdomain", "run_uuid": "d48fec0f-14b6-43fa-9548-9330cb3cd747", "step": "amass-enum", "type": "bash", "dry_run": false}[0m
2026-05-08T17:09:37-04:00 [1m[36mINFO[0m Step skipped (pre-condition not met) [90m{"workflow": "enum-subdomain", "run_uuid": "d48fec0f-14b6-43fa-9548-9330cb3cd747", "step": "amass-enum"}[0m
◌ amass-enum (skipped)
2026-05-08T17:09:37-04:00 [1m[36mINFO[0m Executing step [90m{"workflow": "enum-subdomain", "run_uuid": "d48fec0f-14b6-43fa-9548-9330cb3cd747", "step": "additional-sources", "type": "function", "dry_run": false}[0m
＊ Running assetfinder and findomain
▶ ƒ (starting) additional-sources
  ƒ exec_cmd("findomain -u /home/ubuntu/workspaces-osmedeus/vtomasv.net/subdomain/vtomasv.net-findomain.txt -t vtomasv.net > /dev/null 2>&1")
  ƒ exec_cmd("assetfinder -subs-only vtomasv.net > /home/ubuntu/workspaces-osmedeus/vtomasv.net/subdomain/vtomasv.net-assetfinder.txt")
2026-05-08T17:10:37-04:00 [1m[33mWARN[0m execCmd: command failed [90m{"command": "assetfinder -subs-only vtomasv.net > /home/ubuntu/workspaces-osmedeus/vtomasv.net/subdomain/vtomasv.net-assetfinder.txt", "error": "exit status 127"}[0m
✔ ƒ (finished in 1m 0s) additional-sources
2026-05-08T17:10:37-04:00 [1m[36mINFO[0m Step completed [90m{"workflow": "enum-subdomain", "run_uuid": "d48fec0f-14b6-43fa-9548-9330cb3cd747", "step_name": "additional-sources", "step_type": "function", "command": "exec_cmd(\"findomain -u /home/ubuntu/workspaces-osmedeus/vtomasv.net/subdomain/vtomasv.net-findomain.txt -t vtomasv.net > /dev/null 2>&1\")\nexec_cmd(\"assetfinder -subs-only vtomasv.net > /home/ubuntu/workspaces-osmedeus/vtomasv.net/subdomain/vtomasv.net-assetfinder.txt\")", "status": "success", "duration": 60.151104146, "output": ""}[0m
2026-05-08T17:10:37-04:00 [1m[36mINFO[0m Executing step [90m{"workflow": "enum-subdomain", "run_uuid": "d48fec0f-14b6-43fa-9548-9330cb3cd747", "step": "merge-subdomains", "type": "function", "dry_run": false}[0m
＊ Merging subdomain sources
▶ ƒ (starting) merge-subdomains
  ƒ append_file("/home/ubuntu/workspaces-osmedeus/vtomasv.net/subdomain/subdomain-vtomasv.net.txt", "/home/ubuntu/workspaces-osmedeus/vtomasv.net/subdomain/vtomasv.net-subfinder.txt")
  ƒ append_file("/home/ubuntu/workspaces-osmedeus/vtomasv.net/subdomain/subdomain-vtomasv.net.txt", "/home/ubuntu/workspaces-osmedeus/vtomasv.net/subdomain/vtomasv.net-amass.txt")
  ƒ append_file("/home/ubuntu/workspaces-osmedeus/vtomasv.net/subdomain/subdomain-vtomasv.net.txt", "/home/ubuntu/workspaces-osmedeus/vtomasv.net/subdomain/vtomasv.net-assetfinder.txt")
  ƒ append_file("/home/ubuntu/workspaces-osmedeus/vtomasv.net/subdomain/subdomain-vtomasv.net.txt", "/home/ubuntu/workspaces-osmedeus/vtomasv.net/subdomain/vtomasv.net-findomain.txt")
  ƒ exec_cmd("rm -rf /home/ubuntu/workspaces-osmedeus/vtomasv.net/subdomain/vtomasv.net-*.txt")
2026-05-08T17:10:37-04:00 [1m[33mWARN[0m appendFile: failed to read source file [90m{"source": "/home/ubuntu/workspaces-osmedeus/vtomasv.net/subdomain/vtomasv.net-subfinder.txt", "error": "open /home/ubuntu/workspaces-osmedeus/vtomasv.net/subdomain/vtomasv.net-subfinder.txt: no such file or directory"}[0m
2026-05-08T17:10:37-04:00 [1m[33mWARN[0m appendFile: failed to read source file [90m{"source": "/home/ubuntu/workspaces-osmedeus/vtomasv.net/subdomain/vtomasv.net-amass.txt", "error": "open /home/ubuntu/workspaces-osmedeus/vtomasv.net/subdomain/vtomasv.net-amass.txt: no such file or directory"}[0m
✔ ƒ (finished in 3ms) merge-subdomains
  [output]
  false
2026-05-08T17:10:37-04:00 [1m[36mINFO[0m Step completed [90m{"workflow": "enum-subdomain", "run_uuid": "d48fec0f-14b6-43fa-9548-9330cb3cd747", "step_name": "merge-subdomains", "step_type": "function", "command": "append_file(\"/home/ubuntu/workspaces-osmedeus/vtomasv.net/subdomain/subdomain-vtomasv.net.txt\", \"/home/ubuntu/workspaces-osmedeus/vtomasv.net/subdomain/vtomasv.net-subfinder.txt\")\nappend_file(\"/home/ubuntu/workspaces-osmedeus/vtomasv.net/subdomain/subdomain-vtomasv.net.txt\", \"/home/ubuntu/workspaces-osmedeus/vtomasv.net/subdomain/vtomasv.net-amass.txt\")\nappend_file(\"/home/ubuntu/workspaces-osmedeus/vtomasv.net/subdomain/subdomain-vtomasv.net.txt\", \"/home/ubuntu/workspaces-osmedeus/vtomasv.net/subdomain/vtomasv.net-assetfinder.txt\")\nappend_file(\"/home/ubuntu/workspaces-osmedeus/vtomasv.net/subdomain/subdomain-vtomasv.net.txt\", \"/home/ubuntu/workspaces-osmedeus/vtomasv.net/subdomain/vtomasv.net-findomain.txt\")\nexec_cmd(\"rm -rf /home/ubuntu/workspaces-osmedeus/vtomasv.net/subdomain/vtomasv.net-*.txt\")", "status": "success", "duration": 0.003577798, "output": "false"}[0m
2026-05-08T17:10:37-04:00 [1m[36mINFO[0m Executing step [90m{"workflow": "enum-subdomain", "run_uuid": "d48fec0f-14b6-43fa-9548-9330cb3cd747", "step": "subdomain-sort", "type": "function", "dry_run": false}[0m
＊ Sorting final subdomain list
▶ ƒ (starting) subdomain-sort
  ƒ clean_sub("/home/ubuntu/workspaces-osmedeus/vtomasv.net/subdomain/subdomain-vtomasv.net.txt", "vtomasv.net")
  ƒ sort_unix("/home/ubuntu/workspaces-osmedeus/vtomasv.net/subdomain/subdomain-vtomasv.net.txt")
✔ ƒ (finished in 2ms) subdomain-sort
  [output]
  true
2026-05-08T17:10:37-04:00 [1m[36mINFO[0m Step completed [90m{"workflow": "enum-subdomain", "run_uuid": "d48fec0f-14b6-43fa-9548-9330cb3cd747", "step_name": "subdomain-sort", "step_type": "function", "command": "clean_sub(\"/home/ubuntu/workspaces-osmedeus/vtomasv.net/subdomain/subdomain-vtomasv.net.txt\", \"vtomasv.net\")\nsort_unix(\"/home/ubuntu/workspaces-osmedeus/vtomasv.net/subdomain/subdomain-vtomasv.net.txt\")", "status": "success", "duration": 0.002313442, "output": "true"}[0m
2026-05-08T17:10:37-04:00 [1m[36mINFO[0m Module execution completed [90m{"workflow": "enum-subdomain", "run_uuid": "d48fec0f-14b6-43fa-9548-9330cb3cd747", "total_steps": 6, "completed": 5, "elapsed": "1m 18s"}[0m
2026-05-08T17:10:37-04:00 [1m[36mINFO[0m Execution Summary [90m{"workflow": "enum-subdomain", "run_uuid": "d48fec0f-14b6-43fa-9548-9330cb3cd747", "target": "vtomasv.net", "status": "completed", "duration": 78.797819384, "total_steps": 6, "completed_steps": 5, "failed_steps": 0, "skipped_steps": 1}[0m

▶ Execution Summary
  Workflow: enum-subdomain
  Run ID: d48fec0f-14b6-43fa-9548-9330cb3cd747
  Target: vtomasv.net
  Status: completed
  Duration: 1m 18s

∴ Step Results:
 Status │ Step                  │ Duration 
────────┼───────────────────────┼──────────
 ✔      │ create-output-folders │ 0ms      
 ✔      │ subfinder-enum        │ 18.6s    
 ◌      │ amass-enum            │ 0ms      
 ✔      │ additional-sources    │ 1m 0s    
 ✔      │ merge-subdomains      │ 3ms      
 ✔      │ subdomain-sort        │ 2ms      

