# Ejecución real autorizada de Osmedeus
fecha=2026-05-08T17:09:47-04:00
binario=/home/ubuntu/osmedeus-bin/osmedeus
target=vtomasv.net
workflow=enum-subdomain

## versión
osmedeus - A Modern Orchestration Engine for Security
Version: v5.0.2
Build: 2026-04-30T19:20:21Z
Commit: 9f95043
Author: @j3ssie
Docs: https://docs.osmedeus.org

## ejecución
ϟ Initiating Osmedeus v5.0.2 - Crafted with <3 by @j3ssie

◆ Run timeout: 2m
✔ Workflow loaded: enum-subdomain (module)
2026-05-08T17:09:48-04:00 [1m[36mINFO[0m Workflow loaded [90m{"name": "enum-subdomain", "kind": "module"}[0m
2026-05-08T17:09:48-04:00 [1m[36mINFO[0m Starting module execution [90m{"workflow": "enum-subdomain", "run_uuid": "c5e78e6a-2965-49b0-9df9-40baace00329", "target": "vtomasv.net", "steps": 6}[0m

★ Executing: enum-subdomain
  Description: Enumerate subdomains via subfinder, amass, assetfinder, and findomain
  Tags: subdomain, enumeration, discovery, dns
  Total Steps: 6
  Params: 1 speed control, 1 toggle
  Tip: osmedeus workflow view enum-subdomain

◆ Reserving target space folder at: vtomasv.net
2026-05-08T17:09:48-04:00 [1m[36mINFO[0m Executing step [90m{"workflow": "enum-subdomain", "run_uuid": "c5e78e6a-2965-49b0-9df9-40baace00329", "step": "create-output-folders", "type": "function", "dry_run": false}[0m
＊ Creating output folders
▶ ƒ (starting) create-output-folders
  ƒ create_folder("/home/ubuntu/workspaces-osmedeus/vtomasv.net/subdomain/")
✔ ƒ (finished in 0ms) create-output-folders
  [output]
  true
2026-05-08T17:09:48-04:00 [1m[36mINFO[0m Step completed [90m{"workflow": "enum-subdomain", "run_uuid": "c5e78e6a-2965-49b0-9df9-40baace00329", "step_name": "create-output-folders", "step_type": "function", "command": "create_folder(\"/home/ubuntu/workspaces-osmedeus/vtomasv.net/subdomain/\")", "status": "success", "duration": 0.000961159, "output": "true"}[0m
2026-05-08T17:09:48-04:00 [1m[36mINFO[0m Executing step [90m{"workflow": "enum-subdomain", "run_uuid": "c5e78e6a-2965-49b0-9df9-40baace00329", "step": "subfinder-enum", "type": "bash", "dry_run": false}[0m
＊ Running subfinder subdomain enumeration
▶ $ (starting) subfinder-enum
  $ subfinder -d vtomasv.net -provider-config /home/ubuntu/osmedeus-base/external-configs/subfinder-provider-config.yaml -t 60 -o /home/ubuntu/workspaces-osmedeus/vtomasv.net/subdomain/vtomasv.net-subfinder.txt >/dev/null 2>&1
✔ $ (finished in 10.0s) subfinder-enum
2026-05-08T17:09:58-04:00 [1m[36mINFO[0m Step completed [90m{"workflow": "enum-subdomain", "run_uuid": "c5e78e6a-2965-49b0-9df9-40baace00329", "step_name": "subfinder-enum", "step_type": "bash", "command": "subfinder -d vtomasv.net -provider-config /home/ubuntu/osmedeus-base/external-configs/subfinder-provider-config.yaml -t 60 -o /home/ubuntu/workspaces-osmedeus/vtomasv.net/subdomain/vtomasv.net-subfinder.txt >/dev/null 2>&1", "status": "success", "duration": 9.9820071, "output": ""}[0m
2026-05-08T17:09:58-04:00 [1m[36mINFO[0m Executing step [90m{"workflow": "enum-subdomain", "run_uuid": "c5e78e6a-2965-49b0-9df9-40baace00329", "step": "amass-enum", "type": "bash", "dry_run": false}[0m
2026-05-08T17:09:58-04:00 [1m[36mINFO[0m Step skipped (pre-condition not met) [90m{"workflow": "enum-subdomain", "run_uuid": "c5e78e6a-2965-49b0-9df9-40baace00329", "step": "amass-enum"}[0m
◌ amass-enum (skipped)
2026-05-08T17:09:58-04:00 [1m[36mINFO[0m Executing step [90m{"workflow": "enum-subdomain", "run_uuid": "c5e78e6a-2965-49b0-9df9-40baace00329", "step": "additional-sources", "type": "function", "dry_run": false}[0m
＊ Running assetfinder and findomain
▶ ƒ (starting) additional-sources
  ƒ exec_cmd("findomain -u /home/ubuntu/workspaces-osmedeus/vtomasv.net/subdomain/vtomasv.net-findomain.txt -t vtomasv.net > /dev/null 2>&1")
  ƒ exec_cmd("assetfinder -subs-only vtomasv.net > /home/ubuntu/workspaces-osmedeus/vtomasv.net/subdomain/vtomasv.net-assetfinder.txt")
2026-05-08T17:10:00-04:00 [1m[33mWARN[0m execCmd: command failed [90m{"command": "assetfinder -subs-only vtomasv.net > /home/ubuntu/workspaces-osmedeus/vtomasv.net/subdomain/vtomasv.net-assetfinder.txt", "error": "exit status 127"}[0m
✔ ƒ (finished in 2.4s) additional-sources
2026-05-08T17:10:00-04:00 [1m[36mINFO[0m Step completed [90m{"workflow": "enum-subdomain", "run_uuid": "c5e78e6a-2965-49b0-9df9-40baace00329", "step_name": "additional-sources", "step_type": "function", "command": "exec_cmd(\"findomain -u /home/ubuntu/workspaces-osmedeus/vtomasv.net/subdomain/vtomasv.net-findomain.txt -t vtomasv.net > /dev/null 2>&1\")\nexec_cmd(\"assetfinder -subs-only vtomasv.net > /home/ubuntu/workspaces-osmedeus/vtomasv.net/subdomain/vtomasv.net-assetfinder.txt\")", "status": "success", "duration": 2.402649441, "output": ""}[0m
2026-05-08T17:10:00-04:00 [1m[36mINFO[0m Executing step [90m{"workflow": "enum-subdomain", "run_uuid": "c5e78e6a-2965-49b0-9df9-40baace00329", "step": "merge-subdomains", "type": "function", "dry_run": false}[0m
＊ Merging subdomain sources
▶ ƒ (starting) merge-subdomains
  ƒ append_file("/home/ubuntu/workspaces-osmedeus/vtomasv.net/subdomain/subdomain-vtomasv.net.txt", "/home/ubuntu/workspaces-osmedeus/vtomasv.net/subdomain/vtomasv.net-subfinder.txt")
  ƒ append_file("/home/ubuntu/workspaces-osmedeus/vtomasv.net/subdomain/subdomain-vtomasv.net.txt", "/home/ubuntu/workspaces-osmedeus/vtomasv.net/subdomain/vtomasv.net-amass.txt")
  ƒ append_file("/home/ubuntu/workspaces-osmedeus/vtomasv.net/subdomain/subdomain-vtomasv.net.txt", "/home/ubuntu/workspaces-osmedeus/vtomasv.net/subdomain/vtomasv.net-assetfinder.txt")
  ƒ append_file("/home/ubuntu/workspaces-osmedeus/vtomasv.net/subdomain/subdomain-vtomasv.net.txt", "/home/ubuntu/workspaces-osmedeus/vtomasv.net/subdomain/vtomasv.net-findomain.txt")
  ƒ exec_cmd("rm -rf /home/ubuntu/workspaces-osmedeus/vtomasv.net/subdomain/vtomasv.net-*.txt")
2026-05-08T17:10:00-04:00 [1m[33mWARN[0m appendFile: failed to read source file [90m{"source": "/home/ubuntu/workspaces-osmedeus/vtomasv.net/subdomain/vtomasv.net-amass.txt", "error": "open /home/ubuntu/workspaces-osmedeus/vtomasv.net/subdomain/vtomasv.net-amass.txt: no such file or directory"}[0m
✔ ƒ (finished in 3ms) merge-subdomains
  [output]
  true
2026-05-08T17:10:00-04:00 [1m[36mINFO[0m Step completed [90m{"workflow": "enum-subdomain", "run_uuid": "c5e78e6a-2965-49b0-9df9-40baace00329", "step_name": "merge-subdomains", "step_type": "function", "command": "append_file(\"/home/ubuntu/workspaces-osmedeus/vtomasv.net/subdomain/subdomain-vtomasv.net.txt\", \"/home/ubuntu/workspaces-osmedeus/vtomasv.net/subdomain/vtomasv.net-subfinder.txt\")\nappend_file(\"/home/ubuntu/workspaces-osmedeus/vtomasv.net/subdomain/subdomain-vtomasv.net.txt\", \"/home/ubuntu/workspaces-osmedeus/vtomasv.net/subdomain/vtomasv.net-amass.txt\")\nappend_file(\"/home/ubuntu/workspaces-osmedeus/vtomasv.net/subdomain/subdomain-vtomasv.net.txt\", \"/home/ubuntu/workspaces-osmedeus/vtomasv.net/subdomain/vtomasv.net-assetfinder.txt\")\nappend_file(\"/home/ubuntu/workspaces-osmedeus/vtomasv.net/subdomain/subdomain-vtomasv.net.txt\", \"/home/ubuntu/workspaces-osmedeus/vtomasv.net/subdomain/vtomasv.net-findomain.txt\")\nexec_cmd(\"rm -rf /home/ubuntu/workspaces-osmedeus/vtomasv.net/subdomain/vtomasv.net-*.txt\")", "status": "success", "duration": 0.003977243, "output": "true"}[0m
2026-05-08T17:10:00-04:00 [1m[36mINFO[0m Executing step [90m{"workflow": "enum-subdomain", "run_uuid": "c5e78e6a-2965-49b0-9df9-40baace00329", "step": "subdomain-sort", "type": "function", "dry_run": false}[0m
＊ Sorting final subdomain list
▶ ƒ (starting) subdomain-sort
  ƒ clean_sub("/home/ubuntu/workspaces-osmedeus/vtomasv.net/subdomain/subdomain-vtomasv.net.txt", "vtomasv.net")
  ƒ sort_unix("/home/ubuntu/workspaces-osmedeus/vtomasv.net/subdomain/subdomain-vtomasv.net.txt")
✔ ƒ (finished in 2ms) subdomain-sort
  [output]
  true
2026-05-08T17:10:00-04:00 [1m[36mINFO[0m Step completed [90m{"workflow": "enum-subdomain", "run_uuid": "c5e78e6a-2965-49b0-9df9-40baace00329", "step_name": "subdomain-sort", "step_type": "function", "command": "clean_sub(\"/home/ubuntu/workspaces-osmedeus/vtomasv.net/subdomain/subdomain-vtomasv.net.txt\", \"vtomasv.net\")\nsort_unix(\"/home/ubuntu/workspaces-osmedeus/vtomasv.net/subdomain/subdomain-vtomasv.net.txt\")", "status": "success", "duration": 0.00209031, "output": "true"}[0m
2026-05-08T17:10:00-04:00 [1m[36mINFO[0m Module execution completed [90m{"workflow": "enum-subdomain", "run_uuid": "c5e78e6a-2965-49b0-9df9-40baace00329", "total_steps": 6, "completed": 5, "elapsed": "12.4s"}[0m
2026-05-08T17:10:00-04:00 [1m[36mINFO[0m Execution Summary [90m{"workflow": "enum-subdomain", "run_uuid": "c5e78e6a-2965-49b0-9df9-40baace00329", "target": "vtomasv.net", "status": "completed", "duration": 12.398559246, "total_steps": 6, "completed_steps": 5, "failed_steps": 0, "skipped_steps": 1}[0m

▶ Execution Summary
  Workflow: enum-subdomain
  Run ID: c5e78e6a-2965-49b0-9df9-40baace00329
  Target: vtomasv.net
  Status: completed
  Duration: 12.4s

∴ Step Results:
 Status │ Step                  │ Duration 
────────┼───────────────────────┼──────────
 ✔      │ create-output-folders │ 0ms      
 ✔      │ subfinder-enum        │ 10.0s    
 ◌      │ amass-enum            │ 0ms      
 ✔      │ additional-sources    │ 2.4s     
 ✔      │ merge-subdomains      │ 3ms      
 ✔      │ subdomain-sort        │ 2ms      

exit_code=0
